<?xml version="1.0" encoding="UTF-8"?>
<!-- Generated by org.testng.reporters.JUnitReportReporter -->
<testsuite hostname="LAPTOP-9A2GR1O3" failures="0" tests="1" name="pages.Mavenpom" time="5.232" errors="0" timestamp="2023-01-31T07:44:11 IST" skipped="0">
  <testcase classname="pages.Mavenpom" name="test" time="5.232"/>
  <system-out/>
</testsuite> <!-- pages.Mavenpom -->
